2022-05-05 02:59:08,826 [1] INFO  UAMotivationApp.Program --------- Application Start ------------
2022-05-05 02:59:15,212 [1] INFO  UAMotivationApp.Form1 System.Windows.Forms.MouseEventArgsSystem.Windows.Forms.Button, Text: Чорнобаївка
2022-05-05 02:59:15,213 [1] INFO  UAMotivationApp.Form1 RandomImage() => C:\Users\kiril\Desktop\UAMotivationApp\media\chernobaivka\5.jpg
2022-05-05 02:59:17,941 [1] INFO  UAMotivationApp.Form1 System.Windows.Forms.MouseEventArgsSystem.Windows.Forms.Button, Text: Чорнобаївка
2022-05-05 02:59:17,941 [1] INFO  UAMotivationApp.Form1 RandomImage() => C:\Users\kiril\Desktop\UAMotivationApp\media\chernobaivka\1.jpg
2022-05-05 02:59:20,992 [1] INFO  UAMotivationApp.Form1 System.Windows.Forms.MouseEventArgsSystem.Windows.Forms.Button, Text: Хуйло
2022-05-05 02:59:20,993 [1] INFO  UAMotivationApp.Form1 RandomImage() => C:\Users\kiril\Desktop\UAMotivationApp\media\huylo\2.png
2022-05-05 02:59:23,283 [1] INFO  UAMotivationApp.Form1 System.Windows.Forms.MouseEventArgsSystem.Windows.Forms.Button, Text: Хуйло
2022-05-05 02:59:23,283 [1] INFO  UAMotivationApp.Form1 RandomImage() => C:\Users\kiril\Desktop\UAMotivationApp\media\huylo\5.jpg
2022-05-05 02:59:25,422 [1] INFO  UAMotivationApp.Form1 System.Windows.Forms.MouseEventArgsSystem.Windows.Forms.Button, Text: Хуйло
2022-05-05 02:59:25,422 [1] INFO  UAMotivationApp.Form1 RandomImage() => C:\Users\kiril\Desktop\UAMotivationApp\media\huylo\5.jpg
2022-05-05 02:59:26,702 [1] INFO  UAMotivationApp.Form1 System.Windows.Forms.MouseEventArgsSystem.Windows.Forms.Button, Text: Хуйло
2022-05-05 02:59:26,702 [1] INFO  UAMotivationApp.Form1 RandomImage() => C:\Users\kiril\Desktop\UAMotivationApp\media\huylo\4.jpg
2022-05-05 02:59:29,020 [1] INFO  UAMotivationApp.Form1 System.Windows.Forms.MouseEventArgsSystem.Windows.Forms.Button, Text: Арестовіч
2022-05-05 02:59:29,021 [1] INFO  UAMotivationApp.Form1 RandomImage() => C:\Users\kiril\Desktop\UAMotivationApp\media\arestovich\2.png
2022-05-05 02:59:31,268 [1] INFO  UAMotivationApp.Form1 System.Windows.Forms.MouseEventArgsSystem.Windows.Forms.Button, Text: Арестовіч
2022-05-05 02:59:31,269 [1] INFO  UAMotivationApp.Form1 RandomImage() => C:\Users\kiril\Desktop\UAMotivationApp\media\arestovich\4.png
2022-05-05 02:59:32,702 [1] INFO  UAMotivationApp.Form1 System.Windows.Forms.MouseEventArgsSystem.Windows.Forms.Button, Text: Арестовіч
2022-05-05 02:59:32,716 [1] INFO  UAMotivationApp.Form1 RandomImage() => C:\Users\kiril\Desktop\UAMotivationApp\media\arestovich\1.jpg
2022-05-05 02:59:36,857 [1] INFO  UAMotivationApp.Form1 System.Windows.Forms.MouseEventArgsSystem.Windows.Forms.Button, Text: Бульбофюрер
2022-05-05 02:59:36,857 [1] INFO  UAMotivationApp.Form1 RandomImage() => C:\Users\kiril\Desktop\UAMotivationApp\media\bulbo\2.png
2022-05-05 02:59:39,364 [1] INFO  UAMotivationApp.Form1 System.Windows.Forms.MouseEventArgsSystem.Windows.Forms.Button, Text: Мертветчук
2022-05-05 02:59:39,365 [1] INFO  UAMotivationApp.Form1 RandomImage() => C:\Users\kiril\Desktop\UAMotivationApp\media\mertvetchuk\3.jpg
2022-05-05 02:59:41,422 [1] INFO  UAMotivationApp.Form1 System.Windows.Forms.MouseEventArgsSystem.Windows.Forms.Button, Text: Мертветчук
2022-05-05 02:59:41,423 [1] INFO  UAMotivationApp.Form1 RandomImage() => C:\Users\kiril\Desktop\UAMotivationApp\media\mertvetchuk\5.jpg
2022-05-05 02:59:43,562 [1] INFO  UAMotivationApp.Form1 System.Windows.Forms.MouseEventArgsSystem.Windows.Forms.Button, Text: Мертветчук
2022-05-05 02:59:43,562 [1] INFO  UAMotivationApp.Form1 RandomImage() => C:\Users\kiril\Desktop\UAMotivationApp\media\mertvetchuk\2.jpg
2022-05-05 02:59:46,231 [1] INFO  UAMotivationApp.Form1 System.Windows.Forms.MouseEventArgsSystem.Windows.Forms.Button, Text: Усіляке різне
2022-05-05 02:59:46,232 [1] INFO  UAMotivationApp.Form1 RandomImage() => C:\Users\kiril\Desktop\UAMotivationApp\media\general\10.jpg
2022-05-05 02:59:47,851 [1] INFO  UAMotivationApp.Form1 System.Windows.Forms.MouseEventArgsSystem.Windows.Forms.Button, Text: Усіляке різне
2022-05-05 02:59:47,851 [1] INFO  UAMotivationApp.Form1 RandomImage() => C:\Users\kiril\Desktop\UAMotivationApp\media\general\1.jpg
2022-05-05 02:59:50,304 [1] INFO  UAMotivationApp.Form1 System.Windows.Forms.MouseEventArgsSystem.Windows.Forms.Button, Text: Тік-токдиров
2022-05-05 02:59:50,305 [1] INFO  UAMotivationApp.Form1 RandomImage() => C:\Users\kiril\Desktop\UAMotivationApp\media\don\3.jpg
2022-05-05 02:59:54,160 [1] INFO  UAMotivationApp.Form1 System.Windows.Forms.MouseEventArgsSystem.Windows.Forms.Button, Text: Рускій ваєний карабль
2022-05-05 02:59:54,161 [1] INFO  UAMotivationApp.Form1 RandomImage() => C:\Users\kiril\Desktop\UAMotivationApp\media\ruswarship\5.jpg
2022-05-05 02:59:57,021 [1] INFO  UAMotivationApp.Form1 System.Windows.Forms.MouseEventArgsSystem.Windows.Forms.Button, Text: Рускій ваєний карабль
2022-05-05 02:59:57,021 [1] INFO  UAMotivationApp.Form1 RandomImage() => C:\Users\kiril\Desktop\UAMotivationApp\media\ruswarship\3.jpg
2022-05-05 03:00:00,855 [1] INFO  UAMotivationApp.Program --------- Application End ------------
